0 info it worked if it ends with ok
1 verbose cli [ 'node', '/usr/local/bin/npm', 'start' ]
2 info using npm@1.2.15
3 info using node@v0.10.2
4 verbose read json /Users/eoinmcmillan/hypermarks/package.json
5 verbose run-script [ 'prestart', 'start', 'poststart' ]
6 info prestart Hypermarks@0.0.1
7 info start Hypermarks@0.0.1
8 verbose unsafe-perm in lifecycle true
9 silly exec sh "-c" "NODE_ENV=development PORT=1337 ESPORT=9200 ./node_modules/.bin/nodemon server.js"
10 silly sh,-c,NODE_ENV=development PORT=1337 ESPORT=9200 ./node_modules/.bin/nodemon server.js,/Users/eoinmcmillan/hypermarks spawning
11 info Hypermarks@0.0.1 Failed to exec start script
12 error Hypermarks@0.0.1 start: `NODE_ENV=development PORT=1337 ESPORT=9200 ./node_modules/.bin/nodemon server.js`
12 error `sh "-c" "NODE_ENV=development PORT=1337 ESPORT=9200 ./node_modules/.bin/nodemon server.js"` failed with 127
13 error Failed at the Hypermarks@0.0.1 start script.
13 error This is most likely a problem with the Hypermarks package,
13 error not with npm itself.
13 error Tell the author that this fails on your system:
13 error     NODE_ENV=development PORT=1337 ESPORT=9200 ./node_modules/.bin/nodemon server.js
13 error You can get their info via:
13 error     npm owner ls Hypermarks
13 error There is likely additional logging output above.
14 error System Darwin 12.3.0
15 error command "node" "/usr/local/bin/npm" "start"
16 error cwd /Users/eoinmcmillan/hypermarks
17 error node -v v0.10.2
18 error npm -v 1.2.15
19 error code ELIFECYCLE
20 verbose exit [ 1, true ]
